<?xml version="1.0" encoding="UTF-8"?>
<testsuite name="hellospring.hellospring.HelloSpringApplicationTests" tests="1" skipped="0" failures="0" errors="0" timestamp="2024-05-02T17:41:47" hostname="JUNLAP" time="0.783">
  <properties/>
  <testcase name="contextLoads()" classname="hellospring.hellospring.HelloSpringApplicationTests" time="0.783"/>
  <system-out><![CDATA[02:41:46.258 [Test worker] INFO org.springframework.test.context.support.AnnotationConfigContextLoaderUtils -- Could not detect default configuration classes for test class [hellospring.hellospring.HelloSpringApplicationTests]: HelloSpringApplicationTests does not declare any static, non-private, non-final, nested classes annotated with @Configuration.
02:41:46.361 [Test worker] INFO org.springframework.boot.test.context.SpringBootTestContextBootstrapper -- Found @SpringBootConfiguration hellospring.hellospring.HelloSpringApplication for test class hellospring.hellospring.HelloSpringApplicationTests

  .   ____          _            __ _ _
 /\\ / ___'_ __ _ _(_)_ __  __ _ \ \ \ \
( ( )\___ | '_ | '_| | '_ \/ _` | \ \ \ \
 \\/  ___)| |_)| | | | | || (_| |  ) ) ) )
  '  |____| .__|_| |_|_| |_\__, | / / / /
 =========|_|==============|___/=/_/_/_/
 :: Spring Boot ::                (v3.2.5)

2024-05-03T02:41:46.742+09:00  INFO 37916 --- [hello-spring] [    Test worker] h.h.HelloSpringApplicationTests          : Starting HelloSpringApplicationTests using Java 17.0.10 with PID 37916 (started by Jun in D:\대학생\대외활동n동아리n대회n스터디\2024스프링스터디\hello-spring)
2024-05-03T02:41:46.743+09:00  INFO 37916 --- [hello-spring] [    Test worker] h.h.HelloSpringApplicationTests          : No active profile set, falling back to 1 default profile: "default"
2024-05-03T02:41:47.622+09:00  INFO 37916 --- [hello-spring] [    Test worker] o.s.b.a.w.s.WelcomePageHandlerMapping    : Adding welcome page: class path resource [static/index.html]
2024-05-03T02:41:47.911+09:00  INFO 37916 --- [hello-spring] [    Test worker] h.h.HelloSpringApplicationTests          : Started HelloSpringApplicationTests in 1.389 seconds (process running for 2.594)
]]></system-out>
  <system-err><![CDATA[]]></system-err>
</testsuite>
